time="2022-12-26T18:22:58+08:00" level=info msg="init logger successful" file="init.go:49" Command=bootstrap/init Component=ma-training-toolkit Platform=ModelArts-Service
time="2022-12-26T18:22:58+08:00" level=info msg="current user 1000:1000" file="init.go:51" Command=bootstrap/init Component=ma-training-toolkit Platform=ModelArts-Service
time="2022-12-26T18:22:58+08:00" level=info msg="report event InitStart success" file="event.go:54" Command=bootstrap/init Component=ma-training-toolkit Platform=ModelArts-Service
time="2022-12-26T18:22:58+08:00" level=info msg="init command: bash /home/ma-user/training/init.sh 's3://jaes/lenet5/'" file="init.go:75" Command=bootstrap/init Component=ma-training-toolkit Platform=ModelArts-Service
time="2022-12-26T18:22:58+08:00" level=info msg="scc is already installed, skipping this step..." Component=ShellScripts Platform=ModelArts-Service
time="2022-12-26T18:22:58+08:00" level=info msg="[init] toolkit_obs_upload_pid = 55" Component=ShellScripts Platform=ModelArts-Service
time="2022-12-26T18:22:58+08:00" level=info msg="[init] running at 2022-12-26-18:22:58" Component=ShellScripts Platform=ModelArts-Service
time="2022-12-26T18:22:58+08:00" level=info msg="[init] ip of the pod: 172.16.0.159" Component=ShellScripts Platform=ModelArts-Service
time="2022-12-26T18:22:58+08:00" level=info msg="local dir = /home/ma-user/modelarts/log/" file="upload.go:193" Command=obs/upload Component=ma-training-toolkit Platform=ModelArts-Service Task=
time="2022-12-26T18:22:58+08:00" level=info msg="obs dir = s3://modelarts-training-log-cn-north-4/735f01de-38bf-4610-85e6-44d0683e3f1c/worker-0" file="upload.go:196" Command=obs/upload Component=ma-training-toolkit Platform=ModelArts-Service Task=
time="2022-12-26T18:22:58+08:00" level=info msg="start the periodic upload task, upload Period = 5 seconds " file="upload.go:206" Command=obs/upload Component=ma-training-toolkit Platform=ModelArts-Service Task=
time="2022-12-26T18:22:58+08:00" level=info msg="[task]Detect item: disk-size shm" Component=ShellScripts Platform=ModelArts-Service
time="2022-12-26T18:22:59+08:00" level=info msg="[detect] code: 0, message: ok, item: disk-size shm" Component=ShellScripts Platform=ModelArts-Service
time="2022-12-26T18:22:59+08:00" level=info msg="[task]Detect item: dns" Component=ShellScripts Platform=ModelArts-Service
time="2022-12-26T18:22:59+08:00" level=info msg="[detect] code: 0, message: ok, item: dns" Component=ShellScripts Platform=ModelArts-Service
time="2022-12-26T18:22:59+08:00" level=info msg="[task]Detect item: disk-size root" Component=ShellScripts Platform=ModelArts-Service
time="2022-12-26T18:23:00+08:00" level=info msg="[detect] code: 0, message: ok, item: disk-size root" Component=ShellScripts Platform=ModelArts-Service
time="2022-12-26T18:23:00+08:00" level=info msg="[task]Detect item: disk-size cache" Component=ShellScripts Platform=ModelArts-Service
time="2022-12-26T18:23:00+08:00" level=info msg="[detect] code: 0, message: ok, item: disk-size cache" Component=ShellScripts Platform=ModelArts-Service
time="2022-12-26T18:23:01+08:00" level=info msg="report event DetectFinish success" file="event.go:54" Command=report Component=ma-training-toolkit Platform=ModelArts-Service
time="2022-12-26T18:23:01+08:00" level=info msg="[init] autosearch_path is empty, skip the autosearch download" Component=ShellScripts Platform=ModelArts-Service
time="2022-12-26T18:23:01+08:00" level=info msg="[init] start to download the code" Component=ShellScripts Platform=ModelArts-Service
time="2022-12-26T18:23:01+08:00" level=info msg="[init] code_url: s3://jaes/lenet5/" Component=ShellScripts Platform=ModelArts-Service
time="2022-12-26T18:23:01+08:00" level=info msg="[init] modelarts_downloader_job_pid = 260" Component=ShellScripts Platform=ModelArts-Service
time="2022-12-26T18:23:02+08:00" level=info msg="Main: modelarts-downloader starting with Namespace(dst='./', recursive=True, skip_creating_dir=False, src='s3://jaes/lenet5/', trace=False, type='common', verbose=False)" Component=PythonScripts Platform=ModelArts-Service
time="2022-12-26T18:23:03+08:00" level=info msg="[init] code is now in /home/ma-user/modelarts/user-job-dir" Component=ShellScripts Platform=ModelArts-Service
time="2022-12-26T18:23:03+08:00" level=info msg="[init] download the code use 2s" Component=ShellScripts Platform=ModelArts-Service
time="2022-12-26T18:23:03+08:00" level=info msg="report event DownloadCodeSuccess success" file="event.go:54" Command=report Component=ma-training-toolkit Platform=ModelArts-Service
time="2022-12-26T18:23:03+08:00" level=info msg="[init] record_dir is empty, skip the code upload" Component=ShellScripts Platform=ModelArts-Service
time="2022-12-26T18:23:03+08:00" level=info msg="[init] inputs_handler_job_pid = 386" Component=ShellScripts Platform=ModelArts-Service
time="2022-12-26T18:23:04+08:00" level=info msg="caching the content of [data_url] inputs" Component=PythonScripts Platform=ModelArts-Service
time="2022-12-26T18:23:05+08:00" level=info msg="Main: modelarts-downloader starting with Namespace(dst='./', recursive=True, skip_creating_dir=True, src='s3://jaes/lenet5/MNIST/', trace=False, type='common', verbose=False)" Component=PythonScripts Platform=ModelArts-Service
time="2022-12-26T18:23:06+08:00" level=info msg="cache the content of [data_url] inputs successfully" Component=PythonScripts Platform=ModelArts-Service
time="2022-12-26T18:23:06+08:00" level=info msg="it can be accessed at local dir [/home/ma-user/modelarts/inputs/data_url_0]" Component=PythonScripts Platform=ModelArts-Service
time="2022-12-26T18:23:06+08:00" level=info msg="report event DownloadInputSuccess success" file="event.go:54" Command=report Component=ma-training-toolkit Platform=ModelArts-Service
time="2022-12-26T18:23:07+08:00" level=info msg="mkdir for local output dir" Component=PythonScripts Platform=ModelArts-Service
time="2022-12-26T18:23:07+08:00" level=info msg="output-handler finalized" Component=PythonScripts Platform=ModelArts-Service
time="2022-12-26T18:23:07+08:00" level=info msg="[init] exiting at 2022-12-26-18:23:07" Component=ShellScripts Platform=ModelArts-Service
time="2022-12-26T18:23:07+08:00" level=info msg="[init] upload_metrics_pid = 630" Component=ShellScripts Platform=ModelArts-Service
time="2022-12-26T18:23:09+08:00" level=info msg="[init] stop toolkit_obs_upload_pid = 55 by signal SIGTERM" Component=ShellScripts Platform=ModelArts-Service
time="2022-12-26T18:23:09+08:00" level=info msg="the periodic upload task exiting..." file="upload.go:216" Command=obs/upload Component=ma-training-toolkit Platform=ModelArts-Service Task=
time="2022-12-26T18:23:09+08:00" level=info msg="[init] toolkit_obs_upload 55 ret_code is 0" Component=ShellScripts Platform=ModelArts-Service
time="2022-12-26T18:23:09+08:00" level=info msg="[init] exit with 0" Component=ShellScripts Platform=ModelArts-Service
time="2022-12-26T18:23:09+08:00" level=info msg="local dir = /home/ma-user/modelarts/log/" file="upload.go:193" Command=bootstrap/init Component=ma-training-toolkit Platform=ModelArts-Service Task=
time="2022-12-26T18:23:09+08:00" level=info msg="obs dir = s3://modelarts-training-log-cn-north-4/735f01de-38bf-4610-85e6-44d0683e3f1c/worker-0" file="upload.go:196" Command=bootstrap/init Component=ma-training-toolkit Platform=ModelArts-Service Task=
time="2022-12-26T18:23:09+08:00" level=info msg="report event InitExit success" file="event.go:54" Command=bootstrap/init Component=ma-training-toolkit Platform=ModelArts-Service
time="2022-12-26T18:23:09+08:00" level=info msg="bootstrap is exiting with exit code 0" file="bootstrap.go:241" Command=bootstrap/init Component=ma-training-toolkit Platform=ModelArts-Service
time="2022-12-26T18:23:11+08:00" level=info msg="init logger successful" file="run_train.go:86" Command=bootstrap/run Component=ma-training-toolkit Platform=ModelArts-Service
time="2022-12-26T18:23:11+08:00" level=info msg="Waiting for SCC server start." file="run_train.go:439" Command=bootstrap/run Component=ma-training-toolkit Platform=ModelArts-Service
time="2022-12-26T18:23:12+08:00" level=info msg="init logger successful" file="upload.go:39" Command=bootstrap/upload Component=ma-training-toolkit Platform=ModelArts-Service
time="2022-12-26T18:23:12+08:00" level=info msg="current user 1000:1000" file="upload.go:41" Command=bootstrap/upload Component=ma-training-toolkit Platform=ModelArts-Service
time="2022-12-26T18:23:12+08:00" level=info msg="report event SidecarStart success" file="event.go:54" Command=bootstrap/upload Component=ma-training-toolkit Platform=ModelArts-Service
time="2022-12-26T18:23:12+08:00" level=info msg="upload command: /home/ma-user/training/sidecar.sh" file="upload.go:57" Command=bootstrap/upload Component=ma-training-toolkit Platform=ModelArts-Service
time="2022-12-26T18:23:12+08:00" level=info msg="scc is already installed, skipping this step..." Component=ShellScripts Platform=ModelArts-Service
time="2022-12-26T18:23:12+08:00" level=info msg="[sidecar] running at 2022-12-26-18:23:12" Component=ShellScripts Platform=ModelArts-Service
time="2022-12-26T18:23:12+08:00" level=info msg="[sidecar] toolkit_obs_upload_by_channels_pid = 52" Component=ShellScripts Platform=ModelArts-Service
time="2022-12-26T18:23:12+08:00" level=info msg="[sidecar] waiting for training complete" Component=ShellScripts Platform=ModelArts-Service
time="2022-12-26T18:23:12+08:00" level=info msg="[sidecar] scc server pid = 60" Component=ShellScripts Platform=ModelArts-Service
time="2022-12-26T18:23:13+08:00" level=info msg="Starting SCC server on 127.0.0.1:35256" file="server.go:53" Command=scc-server Component=ma-scc-server Platform=ModelArts-Service
time="2022-12-26T18:23:13+08:00" level=info msg="local dir = /home/ma-user/modelarts/log/" file="upload.go:193" Command=obs/upload_by_channels Component=ma-training-toolkit Platform=ModelArts-Service Task=srt_log_collection
time="2022-12-26T18:23:13+08:00" level=info msg="obs dir = s3://modelarts-training-log-cn-north-4/735f01de-38bf-4610-85e6-44d0683e3f1c/worker-0" file="upload.go:196" Command=obs/upload_by_channels Component=ma-training-toolkit Platform=ModelArts-Service Task=srt_log_collection
time="2022-12-26T18:23:13+08:00" level=info msg="enable append upload mode" file="upload.go:199" Command=obs/upload_by_channels Component=ma-training-toolkit Platform=ModelArts-Service Task=srt_log_collection
time="2022-12-26T18:23:13+08:00" level=info msg="start the periodic upload task, upload Period = 5 seconds " file="upload.go:206" Command=obs/upload_by_channels Component=ma-training-toolkit Platform=ModelArts-Service Task=srt_log_collection
time="2022-12-26T18:23:13+08:00" level=info msg="local dir = /home/ma-user/modelarts/log/" file="upload.go:193" Command=obs/upload_by_channels Component=ma-training-toolkit Platform=ModelArts-Service Task=log_url
time="2022-12-26T18:23:13+08:00" level=info msg="obs dir = obs://jaes/lenet5/log/" file="upload.go:196" Command=obs/upload_by_channels Component=ma-training-toolkit Platform=ModelArts-Service Task=log_url
time="2022-12-26T18:23:13+08:00" level=info msg="start the periodic upload task, upload Period = 30 seconds " file="upload.go:206" Command=obs/upload_by_channels Component=ma-training-toolkit Platform=ModelArts-Service Task=log_url
time="2022-12-26T18:23:13+08:00" level=info msg="local dir = /home/ma-user/modelarts/outputs/train_url_0/" file="upload.go:193" Command=obs/upload_by_channels Component=ma-training-toolkit Platform=ModelArts-Service Task=train_url
time="2022-12-26T18:23:13+08:00" level=info msg="obs dir = s3://jaes/lenet5/output/" file="upload.go:196" Command=obs/upload_by_channels Component=ma-training-toolkit Platform=ModelArts-Service Task=train_url
time="2022-12-26T18:23:13+08:00" level=info msg="start the periodic upload task, upload Period = 30 seconds " file="upload.go:206" Command=obs/upload_by_channels Component=ma-training-toolkit Platform=ModelArts-Service Task=train_url
time="2022-12-26T18:23:16+08:00" level=info msg="SCC server has been init, training continue." file="run_train.go:457" Command=bootstrap/run Component=ma-training-toolkit Platform=ModelArts-Service
time="2022-12-26T18:23:16+08:00" level=warning msg="AscendDMIExecutor create failed, error: ascend-dmi is not found in the /usr/local/Ascend/toolbox path, skip this detect step" file="ascend_check.go:77" Command=bootstrap/run Component=ma-training-toolkit Platform=ModelArts-Service
time="2022-12-26T18:23:16+08:00" level=info msg="report event DetectFinish success" file="event.go:54" Command=bootstrap/run Component=ma-training-toolkit Platform=ModelArts-Service
time="2022-12-26T18:23:17+08:00" level=info msg="report event TrainingStart success" file="event.go:54" Command=bootstrap/run Component=ma-training-toolkit Platform=ModelArts-Service
time="2022-12-26T18:23:17+08:00" level=info msg="Skip hang detect" file="run_train.go:474" Command=bootstrap/run Component=ma-training-toolkit Platform=ModelArts-Service
time="2022-12-26T18:23:17+08:00" level=info msg="pre train command: /modelarts-job-735f01de-38bf-4610-85e6-44d0683e3f1c/ma-training-toolkit detect image-check; mkdir -p ~/.pip; echo -e '[global]\\ntrusted-host = repo.myhuaweicloud.com\\nindex-url = http://repo.myhuaweicloud.com/repository/pypi/simple/' > ~/.pip/pip.conf;  " file="run_train.go:510" Command=bootstrap/run Component=ma-training-toolkit Platform=ModelArts-Service
time="2022-12-26T18:23:17+08:00" level=info msg="runUser name: ma-user" file="image_check.go:54" Command=image-check Component=ma-training-toolkit Platform=ModelArts-Service
time="2022-12-26T18:23:17+08:00" level=info msg="runUser uid: 1000" file="image_check.go:55" Command=image-check Component=ma-training-toolkit Platform=ModelArts-Service
time="2022-12-26T18:23:17+08:00" level=info msg="runUser gid: 100" file="image_check.go:56" Command=image-check Component=ma-training-toolkit Platform=ModelArts-Service
time="2022-12-26T18:23:17+08:00" level=info msg="run command: bash /home/ma-user/modelarts/run/run_train_v2.sh '/home/ma-user/modelarts/user-job-dir/lenet5/main.py' " file="run_train.go:324" Command=bootstrap/run Component=ma-training-toolkit Platform=ModelArts-Service
time="2022-12-26T18:23:17+08:00" level=info msg="zombie process cleaner is start running, childPid=35" file="cleaner_unix.go:31" Command=bootstrap/run Component=ma-training-toolkit Platform=ModelArts-Service
time="2022-12-26T18:23:17+08:00" level=info msg="user: uid=1000(ma-user) gid=100(ma-group) groups=100(ma-group),10000(HwHiAiUser)" Component=ShellScripts Platform=ModelArts-Service
time="2022-12-26T18:23:17+08:00" level=info msg="pwd: /home/ma-user" Component=ShellScripts Platform=ModelArts-Service
time="2022-12-26T18:23:17+08:00" level=info msg="boot_file: /home/ma-user/modelarts/user-job-dir/lenet5/main.py" Component=ShellScripts Platform=ModelArts-Service
time="2022-12-26T18:23:17+08:00" level=info msg="command: /home/ma-user/modelarts/user-job-dir/lenet5/main.py" Component=ShellScripts Platform=ModelArts-Service
time="2022-12-26T18:23:17+08:00" level=info msg="local_code_dir: /home/ma-user/modelarts/user-job-dir/lenet5" Component=ShellScripts Platform=ModelArts-Service
time="2022-12-26T18:23:17+08:00" level=info msg="training start at 2022-12-26-18:23:17" Component=ShellScripts Platform=ModelArts-Service
[ModelArts Service Log]install modelarts training system python packages
[ModelArts Service Log]engine type is: ascend-powered-engine
[ModelArts Service Log]python version: 3
[ModelArts Service Log]package directory: /home/ma-user/modelarts/package
Found existing installation: moxing-framework 2.0.1.rc0.ffd1c0c8
Uninstalling moxing-framework-2.0.1.rc0.ffd1c0c8:
  Successfully uninstalled moxing-framework-2.0.1.rc0.ffd1c0c8
Looking in indexes: http://repo.myhuaweicloud.com/repository/pypi/simple/
Processing ./moxing_framework-2.1.0.81519f29-py2.py3-none-any.whl
Collecting protobuf<4,>=3.10.0
  Downloading http://repo.myhuaweicloud.com/repository/pypi/packages/2a/7c/e7091f0eea6eec70547d28c6c0d8c7335ee58f6b13456608beec8c94a62a/protobuf-3.20.3-cp37-cp37m-manylinux2014_aarch64.whl (917 kB)
     ━━━━━━━━━━━━━━━━━━━━━━━━━━━━━━━━━━━━━━ 917.9/917.9 kB 26.6 MB/s eta 0:00:00
Requirement already satisfied: PyYAML>=3.12 in /home/ma-user/anaconda3/envs/MindSpore/lib/python3.7/site-packages (from moxing-framework==2.1.0.81519f29) (5.3.1)
Requirement already satisfied: pathlib2>=2.3.0 in /home/ma-user/anaconda3/envs/MindSpore/lib/python3.7/site-packages (from moxing-framework==2.1.0.81519f29) (2.3.7.post1)
Requirement already satisfied: lxml>=4.1.0 in /home/ma-user/anaconda3/envs/MindSpore/lib/python3.7/site-packages (from moxing-framework==2.1.0.81519f29) (4.4.2)
Requirement already satisfied: setuptools in /home/ma-user/anaconda3/envs/MindSpore/lib/python3.7/site-packages (from moxing-framework==2.1.0.81519f29) (63.1.0)
Requirement already satisfied: urllib3>=1.26.2 in /home/ma-user/anaconda3/envs/MindSpore/lib/python3.7/site-packages (from moxing-framework==2.1.0.81519f29) (1.26.10)
Requirement already satisfied: numpy>=1.16.4 in /home/ma-user/anaconda3/envs/MindSpore/lib/python3.7/site-packages (from moxing-framework==2.1.0.81519f29) (1.21.2)
Requirement already satisfied: lazy-import>=0.2.2 in /home/ma-user/anaconda3/envs/MindSpore/lib/python3.7/site-packages (from moxing-framework==2.1.0.81519f29) (0.2.2)
Requirement already satisfied: scipy>=1.1.0 in /home/ma-user/anaconda3/envs/MindSpore/lib/python3.7/site-packages (from moxing-framework==2.1.0.81519f29) (1.5.4)
Requirement already satisfied: psutil>=5.4.6 in /home/ma-user/anaconda3/envs/MindSpore/lib/python3.7/site-packages (from moxing-framework==2.1.0.81519f29) (5.7.0)
Requirement already satisfied: six in /home/ma-user/anaconda3/envs/MindSpore/lib/python3.7/site-packages (from moxing-framework==2.1.0.81519f29) (1.16.0)
Requirement already satisfied: Pillow>=3.3.1 in /home/ma-user/anaconda3/envs/MindSpore/lib/python3.7/site-packages (from moxing-framework==2.1.0.81519f29) (9.2.0)
Requirement already satisfied: certifi in /home/ma-user/anaconda3/envs/MindSpore/lib/python3.7/site-packages (from moxing-framework==2.1.0.81519f29) (2022.6.15)
Installing collected packages: protobuf, moxing-framework
  Attempting uninstall: protobuf
    Found existing installation: protobuf 4.21.2
    Uninstalling protobuf-4.21.2:
      Successfully uninstalled protobuf-4.21.2
Successfully installed moxing-framework-2.1.0.81519f29 protobuf-3.20.3

[notice] A new release of pip available: 22.1.2 -> 22.3.1
[notice] To update, run: pip install --upgrade pip
time="2022-12-26T18:23:22+08:00" level=info msg="the current core file size limit is 5242880" Component=ShellScripts Platform=ModelArts-Service
time="2022-12-26T18:23:22+08:00" level=warning msg="current core_pattern is  |/usr/lib/systemd/systemd-coredump %P %u %g %s %t %c %h %e , the format is incorrect, skip core file collection" Component=ShellScripts Platform=ModelArts-Service
time="2022-12-26T18:23:22+08:00" level=info msg="current running count is 1, max running count is 1" file="controller.go:163" Args="[/home/ma-user/anaconda/bin/python /home/ma-user/modelarts/run/davincirun.py /home/ma-user/anaconda/bin/python /home/ma-user/modelarts/user-job-dir/lenet5/main.py]" Command=run-with-backoff Component=ma-training-toolkit Platform=ModelArts-Service TaskID=worker-0
INFO:root:Using MoXing-v2.1.0.81519f29-81519f29
INFO:root:Using OBS-Python-SDK-3.20.9.1
[ModelArts Service Log]2022-12-26 18:23:23,283 - INFO - Ascend Driver: Version=22.0.0.3
[ModelArts Service Log]2022-12-26 18:23:23,283 - INFO - you are advised to use ASCEND_DEVICE_ID env instead of DEVICE_ID, as the DEVICE_ID env will be discarded in later versions
[ModelArts Service Log]2022-12-26 18:23:23,284 - INFO - particularly, ${ASCEND_DEVICE_ID} == ${DEVICE_ID}, it's the logical device id
[ModelArts Service Log]2022-12-26 18:23:23,284 - INFO - Davinci training command
[ModelArts Service Log]2022-12-26 18:23:23,284 - INFO - ['/home/ma-user/anaconda/bin/python', '/home/ma-user/modelarts/user-job-dir/lenet5/main.py']
[ModelArts Service Log]2022-12-26 18:23:23,284 - INFO - Wait for Rank table file ready
[ModelArts Service Log]2022-12-26 18:23:23,284 - INFO - Rank table file (K8S generated) is ready for read
[ModelArts Service Log]2022-12-26 18:23:23,284 - INFO - 
{
    "status": "completed",
    "group_count": "1",
    "group_list": [
        {
            "group_name": "worker",
            "device_count": "1",
            "instance_count": "1",
            "instance_list": [
                {
                    "pod_name": "ma-job-735f01de-38bf-4610-85e6-44d0683e3f1c-worker-0",
                    "server_id": "192.168.0.163",
                    "devices": [
                        {
                            "device_id": "5",
                            "device_ip": "192.2.83.28"
                        }
                    ]
                }
            ]
        }
    ]
}
[ModelArts Service Log]2022-12-26 18:23:23,285 - INFO - Rank table file (V1)
[ModelArts Service Log]2022-12-26 18:23:23,285 - INFO - 
{
    "status": "completed",
    "version": "1.0",
    "server_count": "1",
    "server_list": [
        {
            "server_id": "192.168.0.163",
            "device": [
                {
                    "device_id": "5",
                    "device_ip": "192.2.83.28",
                    "rank_id": "0"
                }
            ]
        }
    ]
}
[ModelArts Service Log]2022-12-26 18:23:23,285 - INFO - Rank table file (V1) is generated
[ModelArts Service Log]2022-12-26 18:23:23,286 - INFO - Current server
[ModelArts Service Log]2022-12-26 18:23:23,286 - INFO - 
{
    "server_id": "192.168.0.163",
    "device": [
        {
            "device_id": "5",
            "device_ip": "192.2.83.28",
            "rank_id": "0"
        }
    ]
}
[ModelArts Service Log]2022-12-26 18:23:23,286 - INFO - Route plan ends for env ROUTE_PLAN = false. Route plan acceleration service may not be available in this region
[ModelArts Service Log]2022-12-26 18:23:23,286 - INFO - The environment variable MA_TERMINATION_GRACE_PERIOD_SECONDS is set to 30, exponential backoff times will be set to 5
[ModelArts Service Log]2022-12-26 18:23:23,287 - INFO - bootstrap proc-rank-0-device-0
[ModelArts Service Log]2022-12-26 18:23:23,297 - INFO - proc-rank-0-device-0 (pid: 174)
epoch: 1 step: 1875, loss is 2.3059241771698
epoch: 2 step: 1875, loss is 2.3020734786987305
epoch: 3 step: 1875, loss is 2.299724578857422
epoch: 4 step: 1875, loss is 2.293916702270508
epoch: 5 step: 1875, loss is 2.295938014984131
epoch: 6 step: 1875, loss is 2.2967376708984375
epoch: 7 step: 1875, loss is 2.3044991493225098
epoch: 8 step: 1875, loss is 2.2918412685394287
epoch: 9 step: 1875, loss is 2.3046045303344727
epoch: 10 step: 1875, loss is 2.2922871112823486
epoch: 11 step: 1875, loss is 2.2963624000549316
epoch: 12 step: 1875, loss is 2.3078486919403076
epoch: 13 step: 1875, loss is 2.2803163528442383
epoch: 14 step: 1875, loss is 2.2938599586486816
epoch: 15 step: 1875, loss is 0.745296835899353
epoch: 16 step: 1875, loss is 0.05657260864973068
epoch: 17 step: 1875, loss is 0.06719125807285309
epoch: 18 step: 1875, loss is 0.022409772500395775
epoch: 19 step: 1875, loss is 0.14173437654972076
epoch: 20 step: 1875, loss is 0.12003164738416672
epoch: 21 step: 1875, loss is 0.01611326076090336
epoch: 22 step: 1875, loss is 0.028108492493629456
epoch: 23 step: 1875, loss is 0.15112845599651337
epoch: 24 step: 1875, loss is 0.1610236018896103
epoch: 25 step: 1875, loss is 0.1487109512090683
epoch: 26 step: 1875, loss is 0.09084364026784897
epoch: 27 step: 1875, loss is 0.029228689149022102
epoch: 28 step: 1875, loss is 0.030497338622808456
epoch: 29 step: 1875, loss is 0.05492155998945236
epoch: 30 step: 1875, loss is 0.007111137732863426
epoch: 31 step: 1875, loss is 0.06845112144947052
epoch: 32 step: 1875, loss is 0.007987657561898232
epoch: 33 step: 1875, loss is 0.2163013517856598
epoch: 34 step: 1875, loss is 0.00561267277225852
epoch: 35 step: 1875, loss is 0.005736145656555891
epoch: 36 step: 1875, loss is 0.10214011371135712
epoch: 37 step: 1875, loss is 0.0007136613130569458
epoch: 38 step: 1875, loss is 0.0038884959649294615
epoch: 39 step: 1875, loss is 0.002082311548292637
epoch: 40 step: 1875, loss is 0.002355978824198246
epoch: 41 step: 1875, loss is 0.0013515560422092676
epoch: 42 step: 1875, loss is 0.015425510704517365
epoch: 43 step: 1875, loss is 0.002296868711709976
epoch: 44 step: 1875, loss is 0.00074977264739573
epoch: 45 step: 1875, loss is 0.06931911408901215
epoch: 46 step: 1875, loss is 0.006548353470861912
epoch: 47 step: 1875, loss is 0.0009150707628577948
epoch: 48 step: 1875, loss is 0.00012619365588761866
epoch: 49 step: 1875, loss is 0.004639424383640289
epoch: 50 step: 1875, loss is 0.008633313700556755
epoch: 51 step: 1875, loss is 0.061299726366996765
epoch: 52 step: 1875, loss is 0.00046289226156659424
epoch: 53 step: 1875, loss is 0.00019847735529765487
epoch: 54 step: 1875, loss is 0.20255516469478607
epoch: 55 step: 1875, loss is 0.002742274897173047
epoch: 56 step: 1875, loss is 0.030001677572727203
epoch: 57 step: 1875, loss is 0.012717046774923801
epoch: 58 step: 1875, loss is 0.08958104252815247
epoch: 59 step: 1875, loss is 0.00017546470917295665
epoch: 60 step: 1875, loss is 0.002395159564912319
epoch: 61 step: 1875, loss is 0.007775156758725643
epoch: 62 step: 1875, loss is 0.041851457208395004
epoch: 63 step: 1875, loss is 3.873034438584e-05
epoch: 64 step: 1875, loss is 0.000991425826214254
epoch: 65 step: 1875, loss is 0.027514051645994186
epoch: 66 step: 1875, loss is 0.021777218207716942
epoch: 67 step: 1875, loss is 0.002378343604505062
epoch: 68 step: 1875, loss is 6.242610834306106e-05
epoch: 69 step: 1875, loss is 0.09347370266914368
epoch: 70 step: 1875, loss is 6.972318078624085e-05
epoch: 71 step: 1875, loss is 0.008063139393925667
epoch: 72 step: 1875, loss is 0.00026214815443381667
epoch: 73 step: 1875, loss is 0.00017389946151524782
epoch: 74 step: 1875, loss is 2.1982159523759037e-05
epoch: 75 step: 1875, loss is 0.00011713495041476563
epoch: 76 step: 1875, loss is 0.0002854449558071792
epoch: 77 step: 1875, loss is 0.04414194077253342
epoch: 78 step: 1875, loss is 0.001136319013312459
epoch: 79 step: 1875, loss is 8.83696848177351e-05
epoch: 80 step: 1875, loss is 0.09924524277448654
epoch: 81 step: 1875, loss is 0.0004813284322153777
epoch: 82 step: 1875, loss is 0.00010948277486022562
epoch: 83 step: 1875, loss is 0.2997930943965912
epoch: 84 step: 1875, loss is 0.0052497549913823605
epoch: 85 step: 1875, loss is 0.00020200866856612265
epoch: 86 step: 1875, loss is 4.430202352523338e-06
epoch: 87 step: 1875, loss is 0.001064792857505381
epoch: 88 step: 1875, loss is 1.4411005395231768e-05
epoch: 89 step: 1875, loss is 0.0036254585720598698
epoch: 90 step: 1875, loss is 0.13157281279563904
epoch: 91 step: 1875, loss is 0.047067251056432724
epoch: 92 step: 1875, loss is 0.0005888549494557083
epoch: 93 step: 1875, loss is 2.4304346879944205e-05
epoch: 94 step: 1875, loss is 3.2269846997223794e-05
epoch: 95 step: 1875, loss is 0.01590229757130146
epoch: 96 step: 1875, loss is 0.003685826202854514
epoch: 97 step: 1875, loss is 0.002517392160370946
epoch: 98 step: 1875, loss is 9.098482223635074e-06
epoch: 99 step: 1875, loss is 0.00341147487051785
epoch: 100 step: 1875, loss is 0.05821133032441139
epoch: 101 step: 1875, loss is 4.4782973418477923e-07
epoch: 102 step: 1875, loss is 0.0005770144052803516
epoch: 103 step: 1875, loss is 0.0027565709315240383
epoch: 104 step: 1875, loss is 7.592221663799137e-06
epoch: 105 step: 1875, loss is 0.001638865564018488
epoch: 106 step: 1875, loss is 0.014795996248722076
epoch: 107 step: 1875, loss is 0.008036433719098568
epoch: 108 step: 1875, loss is 3.783331976592308e-07
epoch: 109 step: 1875, loss is 0.03930220752954483
epoch: 110 step: 1875, loss is 0.0002964891027659178
epoch: 111 step: 1875, loss is 4.084285319549963e-05
epoch: 112 step: 1875, loss is 0.0009471540688537061
epoch: 113 step: 1875, loss is 0.0023237604182213545
epoch: 114 step: 1875, loss is 0.00021865751477889717
epoch: 115 step: 1875, loss is 6.744264737790218e-07
epoch: 116 step: 1875, loss is 7.406038093904499e-07
epoch: 117 step: 1875, loss is 0.005732947960495949
epoch: 118 step: 1875, loss is 2.113108530465979e-05
epoch: 119 step: 1875, loss is 1.3056525858701207e-05
epoch: 120 step: 1875, loss is 6.349995601340197e-06
epoch: 121 step: 1875, loss is 0.0001358279841952026
epoch: 122 step: 1875, loss is 0.007142765913158655
epoch: 123 step: 1875, loss is 2.7926539587497246e-06
epoch: 124 step: 1875, loss is 1.3095428585074842e-05
epoch: 125 step: 1875, loss is 0.0011052811751142144
epoch: 126 step: 1875, loss is 0.00014213976101018488
epoch: 127 step: 1875, loss is 4.3999945773975924e-05
epoch: 128 step: 1875, loss is 4.383725809020689e-07
epoch: 129 step: 1875, loss is 9.651676009525545e-07
epoch: 130 step: 1875, loss is 0.024420246481895447
epoch: 131 step: 1875, loss is 0.00021639715123455971
epoch: 132 step: 1875, loss is 7.542439561802894e-08
epoch: 133 step: 1875, loss is 7.231938070617616e-07
epoch: 134 step: 1875, loss is 7.869783075875603e-06
epoch: 135 step: 1875, loss is 7.657308742636815e-08
epoch: 136 step: 1875, loss is 2.386364030826371e-07
epoch: 137 step: 1875, loss is 7.288991582754534e-06
epoch: 138 step: 1875, loss is 0.00010013843711931258
epoch: 139 step: 1875, loss is 0.00017666946223471314
epoch: 140 step: 1875, loss is 0.0005767514230683446
epoch: 141 step: 1875, loss is 1.7751917766872793e-06
epoch: 142 step: 1875, loss is 1.7713238776195794e-05
epoch: 143 step: 1875, loss is 3.743234628927894e-07
epoch: 144 step: 1875, loss is 2.5051917873497587e-06
epoch: 145 step: 1875, loss is 0.00021951700909994543
epoch: 146 step: 1875, loss is 1.7469301383243874e-07
epoch: 147 step: 1875, loss is 1.2751628673868254e-05
epoch: 148 step: 1875, loss is 0.0004656646342482418
epoch: 149 step: 1875, loss is 2.0930019672960043e-07
epoch: 150 step: 1875, loss is 3.0430535389314173e-06
epoch: 151 step: 1875, loss is 8.436123607680202e-06
epoch: 152 step: 1875, loss is 3.817546894424595e-05
epoch: 153 step: 1875, loss is 0.000665230443701148
epoch: 154 step: 1875, loss is 1.116355269914493e-05
epoch: 155 step: 1875, loss is 0.00031284894794225693
epoch: 156 step: 1875, loss is 2.111516732838936e-05
epoch: 157 step: 1875, loss is 8.448363587376662e-06
epoch: 158 step: 1875, loss is 1.2059861546731554e-05
epoch: 159 step: 1875, loss is 1.7293643395532854e-05
epoch: 160 step: 1875, loss is 9.82713172561489e-05
epoch: 161 step: 1875, loss is 0.00017253895930480212
epoch: 162 step: 1875, loss is 0.0006041470915079117
epoch: 163 step: 1875, loss is 8.936598169384524e-05
epoch: 164 step: 1875, loss is 5.181243614060804e-05
epoch: 165 step: 1875, loss is 1.749158400343731e-07
epoch: 166 step: 1875, loss is 0.00010465425293659791
epoch: 167 step: 1875, loss is 1.5055902622407302e-05
epoch: 168 step: 1875, loss is 3.178829501848668e-07
epoch: 169 step: 1875, loss is 0.00016042095376178622
epoch: 170 step: 1875, loss is 5.243018676992506e-07
epoch: 171 step: 1875, loss is 6.997015589149669e-08
epoch: 172 step: 1875, loss is 3.364117947057821e-05
epoch: 173 step: 1875, loss is 4.366551002021879e-05
epoch: 174 step: 1875, loss is 9.451588994124904e-05
epoch: 175 step: 1875, loss is 2.9257467758725397e-05
epoch: 176 step: 1875, loss is 2.212269464507699e-06
epoch: 177 step: 1875, loss is 5.5618311307625845e-06
epoch: 178 step: 1875, loss is 2.8017893782816827e-08
epoch: 179 step: 1875, loss is 7.985956472111866e-06
epoch: 180 step: 1875, loss is 0.00011088530300185084
epoch: 181 step: 1875, loss is 5.9917532780673355e-05
epoch: 182 step: 1875, loss is 2.3848770069889724e-08
epoch: 183 step: 1875, loss is 1.7706042854115367e-08
epoch: 184 step: 1875, loss is 2.6268025976605713e-08
epoch: 185 step: 1875, loss is 5.514622898772359e-05
epoch: 186 step: 1875, loss is 1.5822461136849597e-06
epoch: 187 step: 1875, loss is 1.461018473492004e-05
epoch: 188 step: 1875, loss is 1.5439127309946343e-07
epoch: 189 step: 1875, loss is 2.4221662897616625e-08
epoch: 190 step: 1875, loss is 1.3099759598844685e-05
epoch: 191 step: 1875, loss is 0.00013448485697153956
epoch: 192 step: 1875, loss is 4.235840606270358e-06
epoch: 193 step: 1875, loss is 5.389138095779344e-07
epoch: 194 step: 1875, loss is 2.91306059807539e-06
epoch: 195 step: 1875, loss is 2.632486939546652e-08
epoch: 196 step: 1875, loss is 2.7959771614405327e-05
epoch: 197 step: 1875, loss is 0.0001448715920560062
epoch: 198 step: 1875, loss is 8.546099707018584e-06
epoch: 199 step: 1875, loss is 7.375178029178642e-06
epoch: 200 step: 1875, loss is 3.6033547985425685e-06
epoch: 201 step: 1875, loss is 5.404755938798189e-06
epoch: 202 step: 1875, loss is 4.514731699600816e-07
epoch: 203 step: 1875, loss is 3.7398194763227366e-08
epoch: 204 step: 1875, loss is 0.0002153073000954464
epoch: 205 step: 1875, loss is 5.123692972119898e-07
epoch: 206 step: 1875, loss is 8.717551827430725e-05
epoch: 207 step: 1875, loss is 2.1486595869646408e-05
epoch: 208 step: 1875, loss is 1.5753823390696198e-05
epoch: 209 step: 1875, loss is 1.6946451069088653e-06
epoch: 210 step: 1875, loss is 7.855487638153136e-08
epoch: 211 step: 1875, loss is 2.7263231459073722e-06
epoch: 212 step: 1875, loss is 0.00013899615441914648
epoch: 213 step: 1875, loss is 6.306873729045037e-06
epoch: 214 step: 1875, loss is 2.0265724742785096e-07
epoch: 215 step: 1875, loss is 3.200602805009112e-08
epoch: 216 step: 1875, loss is 5.415171472122893e-05
epoch: 217 step: 1875, loss is 2.075103111565113e-08
epoch: 218 step: 1875, loss is 0.001556000905111432
epoch: 219 step: 1875, loss is 1.7062029655789956e-07
epoch: 220 step: 1875, loss is 2.270862751174718e-06
epoch: 221 step: 1875, loss is 6.84285769239068e-05
epoch: 222 step: 1875, loss is 1.894361776066944e-05
epoch: 223 step: 1875, loss is 1.4577612091670744e-05
epoch: 224 step: 1875, loss is 8.970528142526746e-07
epoch: 225 step: 1875, loss is 3.467248461674899e-07
epoch: 226 step: 1875, loss is 3.4165823308285326e-05
epoch: 227 step: 1875, loss is 6.144296639831737e-05
epoch: 228 step: 1875, loss is 4.7563453335897066e-06
epoch: 229 step: 1875, loss is 1.0554031177889556e-06
epoch: 230 step: 1875, loss is 2.5476765586063266e-08
epoch: 231 step: 1875, loss is 2.5704204745125026e-05
epoch: 232 step: 1875, loss is 7.840480975573882e-08
epoch: 233 step: 1875, loss is 2.645492713782005e-08
epoch: 234 step: 1875, loss is 8.353894372703508e-06
epoch: 235 step: 1875, loss is 2.2318301489576697e-05
epoch: 236 step: 1875, loss is 1.4900622772984207e-05
epoch: 237 step: 1875, loss is 0.0001232174108736217
epoch: 238 step: 1875, loss is 0.0004645606386475265
epoch: 239 step: 1875, loss is 5.528636393137276e-08
epoch: 240 step: 1875, loss is 8.825463737593964e-08
epoch: 241 step: 1875, loss is 0.0001996273931581527
epoch: 242 step: 1875, loss is 3.7422705645440146e-07
epoch: 243 step: 1875, loss is 2.1214991647866555e-05
epoch: 244 step: 1875, loss is 2.1901912987232208e-05
epoch: 245 step: 1875, loss is 9.409486665390432e-07
epoch: 246 step: 1875, loss is 1.5365076251327991e-06
epoch: 247 step: 1875, loss is 6.592072895728052e-05
epoch: 248 step: 1875, loss is 1.490068098064512e-05
epoch: 249 step: 1875, loss is 3.395116436877288e-07
epoch: 250 step: 1875, loss is 5.861365934833884e-07
epoch: 251 step: 1875, loss is 8.272460945590865e-06
epoch: 252 step: 1875, loss is 0.0002571190125308931
epoch: 253 step: 1875, loss is 2.9671709853573702e-06
epoch: 254 step: 1875, loss is 9.312295333074871e-06
epoch: 255 step: 1875, loss is 6.93670881446451e-05
epoch: 256 step: 1875, loss is 2.1731466404162347e-08
epoch: 257 step: 1875, loss is 0.00014708249364048243
epoch: 258 step: 1875, loss is 3.4459997550584376e-05
epoch: 259 step: 1875, loss is 6.972701521590352e-05
epoch: 260 step: 1875, loss is 7.616891525685787e-05
epoch: 261 step: 1875, loss is 1.3524686437449418e-07
epoch: 262 step: 1875, loss is 4.9641130317468196e-08
epoch: 263 step: 1875, loss is 2.8606846171896905e-06
epoch: 264 step: 1875, loss is 4.851935955230147e-07
epoch: 265 step: 1875, loss is 3.310287866042927e-08
epoch: 266 step: 1875, loss is 3.765671863220632e-08
epoch: 267 step: 1875, loss is 2.3354755285254214e-07
epoch: 268 step: 1875, loss is 9.002200386021286e-06
epoch: 269 step: 1875, loss is 2.2686715965392068e-05
epoch: 270 step: 1875, loss is 2.4310793378390372e-08
epoch: 271 step: 1875, loss is 1.3472726095642429e-05
epoch: 272 step: 1875, loss is 1.1285083019174635e-06
epoch: 273 step: 1875, loss is 6.441050209105015e-05
epoch: 274 step: 1875, loss is 2.5224711862392724e-05
epoch: 275 step: 1875, loss is 2.1838786778971553e-08
epoch: 276 step: 1875, loss is 4.84289885207545e-05
epoch: 277 step: 1875, loss is 1.3342287275008857e-07
epoch: 278 step: 1875, loss is 1.0015953648689901e-06
epoch: 279 step: 1875, loss is 9.014030365506187e-05
epoch: 280 step: 1875, loss is 6.876722909510136e-05
epoch: 281 step: 1875, loss is 0.00010661916894605383
epoch: 282 step: 1875, loss is 6.244681571843103e-08
epoch: 283 step: 1875, loss is 5.675913780578412e-05
epoch: 284 step: 1875, loss is 6.3114584918366745e-06
epoch: 285 step: 1875, loss is 1.6665744624333456e-06
epoch: 286 step: 1875, loss is 6.37230186839588e-05
epoch: 287 step: 1875, loss is 3.133936843369156e-08
epoch: 288 step: 1875, loss is 8.961943967733532e-05
epoch: 289 step: 1875, loss is 1.4531997294398025e-06
epoch: 290 step: 1875, loss is 2.6110004910151474e-05
epoch: 291 step: 1875, loss is 0.00018392145284451544
epoch: 292 step: 1875, loss is 6.619557098019868e-07
epoch: 293 step: 1875, loss is 8.291022822959349e-06
epoch: 294 step: 1875, loss is 9.803676221054047e-05
epoch: 295 step: 1875, loss is 2.080173544527497e-08
epoch: 296 step: 1875, loss is 1.2011842045467347e-06
epoch: 297 step: 1875, loss is 1.1839725630125031e-05
epoch: 298 step: 1875, loss is 1.8877126422012225e-06
epoch: 299 step: 1875, loss is 2.3631446310901083e-05
epoch: 300 step: 1875, loss is 0.0002455479698255658
epoch: 301 step: 1875, loss is 5.506262823473662e-08
epoch: 302 step: 1875, loss is 5.0003956857835874e-05
epoch: 303 step: 1875, loss is 3.923556505469605e-05
epoch: 304 step: 1875, loss is 2.946488621091703e-06
epoch: 305 step: 1875, loss is 0.00029951438773423433
epoch: 306 step: 1875, loss is 1.2199378033983521e-05
epoch: 307 step: 1875, loss is 2.383512764936313e-08
epoch: 308 step: 1875, loss is 7.174410711741075e-06
epoch: 309 step: 1875, loss is 0.00010969767026836053
epoch: 310 step: 1875, loss is 2.4843757273629308e-08
epoch: 311 step: 1875, loss is 1.2599712135852315e-06
epoch: 312 step: 1875, loss is 1.400352812197525e-05
epoch: 313 step: 1875, loss is 8.204897312680259e-07
epoch: 314 step: 1875, loss is 2.2845597413834184e-08
epoch: 315 step: 1875, loss is 3.335580913699232e-05
epoch: 316 step: 1875, loss is 1.5805653674760833e-08
epoch: 317 step: 1875, loss is 2.1438609110191464e-08
epoch: 318 step: 1875, loss is 1.964872353710234e-08
epoch: 319 step: 1875, loss is 6.631671567447484e-08
epoch: 320 step: 1875, loss is 1.8334094420424663e-06
epoch: 321 step: 1875, loss is 2.227525328635238e-07
epoch: 322 step: 1875, loss is 5.22068003192544e-05
epoch: 323 step: 1875, loss is 2.8521299100248143e-08
epoch: 324 step: 1875, loss is 0.00013691731146536767
epoch: 325 step: 1875, loss is 8.714387149666436e-06
epoch: 326 step: 1875, loss is 2.0714651327580214e-08
epoch: 327 step: 1875, loss is 2.9996921512065455e-05
epoch: 328 step: 1875, loss is 9.086601494345814e-06
epoch: 329 step: 1875, loss is 3.844676939479541e-06
epoch: 330 step: 1875, loss is 6.488370672741439e-06
epoch: 331 step: 1875, loss is 0.00011721273040166125
epoch: 332 step: 1875, loss is 1.86792021850124e-08
epoch: 333 step: 1875, loss is 2.671603942872025e-05
epoch: 334 step: 1875, loss is 1.2672171578742564e-07
epoch: 335 step: 1875, loss is 2.558954292908311e-08
epoch: 336 step: 1875, loss is 2.960980054922402e-06
epoch: 337 step: 1875, loss is 2.1109372028149664e-08
epoch: 338 step: 1875, loss is 1.118883301387541e-05
epoch: 339 step: 1875, loss is 7.323091267608106e-06
epoch: 340 step: 1875, loss is 0.0001051747749443166
epoch: 341 step: 1875, loss is 2.0849029169767164e-08
epoch: 342 step: 1875, loss is 5.546371539821848e-08
epoch: 343 step: 1875, loss is 6.431571091525257e-05
epoch: 344 step: 1875, loss is 2.2928907128516585e-07
epoch: 345 step: 1875, loss is 2.0965671865269542e-08
epoch: 346 step: 1875, loss is 0.000152981563587673
epoch: 347 step: 1875, loss is 8.272599188785534e-06
epoch: 348 step: 1875, loss is 5.2217756092431955e-06
epoch: 349 step: 1875, loss is 1.2607790267793462e-05
epoch: 350 step: 1875, loss is 6.674084943369962e-06
epoch: 351 step: 1875, loss is 3.6489836929831654e-08
epoch: 352 step: 1875, loss is 1.7114507500082254e-07
epoch: 353 step: 1875, loss is 2.747856342466548e-08
epoch: 354 step: 1875, loss is 6.232954910956323e-05
epoch: 355 step: 1875, loss is 2.484195283614099e-05
epoch: 356 step: 1875, loss is 4.5074557419866323e-08
epoch: 357 step: 1875, loss is 3.228782588848844e-05
epoch: 358 step: 1875, loss is 2.583962668722961e-06
epoch: 359 step: 1875, loss is 5.580914148595184e-07
epoch: 360 step: 1875, loss is 1.598891685716808e-08
epoch: 361 step: 1875, loss is 1.7196089174831286e-07
epoch: 362 step: 1875, loss is 1.6141966625582427e-06
epoch: 363 step: 1875, loss is 6.279642548179254e-07
epoch: 364 step: 1875, loss is 1.4147866750136018e-05
epoch: 365 step: 1875, loss is 8.203110155591276e-06
epoch: 366 step: 1875, loss is 5.973033694317564e-07
epoch: 367 step: 1875, loss is 5.3065836254972965e-05
epoch: 368 step: 1875, loss is 4.0490704122930765e-07
epoch: 369 step: 1875, loss is 1.187520319945179e-05
epoch: 370 step: 1875, loss is 2.3138454707805067e-08
epoch: 371 step: 1875, loss is 3.2557942176936194e-05
epoch: 372 step: 1875, loss is 0.00012643885565921664
epoch: 373 step: 1875, loss is 9.013092494569719e-08
epoch: 374 step: 1875, loss is 3.548056338331662e-05
epoch: 375 step: 1875, loss is 7.537433702964336e-06
epoch: 376 step: 1875, loss is 6.544145435327664e-06
epoch: 377 step: 1875, loss is 7.513945456594229e-05
epoch: 378 step: 1875, loss is 1.4858615031698719e-06
epoch: 379 step: 1875, loss is 2.625574779813178e-08
epoch: 380 step: 1875, loss is 5.632476677419618e-05
epoch: 381 step: 1875, loss is 1.6026297089410946e-07
epoch: 382 step: 1875, loss is 5.603087629424408e-07
epoch: 383 step: 1875, loss is 4.491656000027433e-06
epoch: 384 step: 1875, loss is 2.3777018213877454e-05
epoch: 385 step: 1875, loss is 7.056509275571443e-06
epoch: 386 step: 1875, loss is 2.4292603484354913e-08
epoch: 387 step: 1875, loss is 8.2479582488304e-06
epoch: 388 step: 1875, loss is 2.1041319087089505e-07
epoch: 389 step: 1875, loss is 4.4116517528891563e-05
epoch: 390 step: 1875, loss is 7.073304004734382e-07
epoch: 391 step: 1875, loss is 2.5807992642512545e-05
epoch: 392 step: 1875, loss is 1.6715603123884648e-08
epoch: 393 step: 1875, loss is 5.434412742033601e-08
epoch: 394 step: 1875, loss is 3.451896191108972e-06
epoch: 395 step: 1875, loss is 2.62693010881776e-05
epoch: 396 step: 1875, loss is 3.4014301490969956e-05
epoch: 397 step: 1875, loss is 2.8633439796976745e-06
epoch: 398 step: 1875, loss is 2.4672772269695997e-08
epoch: 399 step: 1875, loss is 7.59067916078493e-07
epoch: 400 step: 1875, loss is 3.6537567211780697e-06
epoch: 401 step: 1875, loss is 2.7448550099506974e-08
epoch: 402 step: 1875, loss is 6.810787454014644e-07
epoch: 403 step: 1875, loss is 2.5879358872771263e-05
epoch: 404 step: 1875, loss is 1.6430774394393666e-06
epoch: 405 step: 1875, loss is 2.1924355678493157e-05
epoch: 406 step: 1875, loss is 1.233565853908658e-07
epoch: 407 step: 1875, loss is 1.4030989405000582e-05
epoch: 408 step: 1875, loss is 3.8871439755894244e-07
epoch: 409 step: 1875, loss is 7.948234269861132e-06
epoch: 410 step: 1875, loss is 5.944004442426376e-06
epoch: 411 step: 1875, loss is 3.1629460863769054e-05
epoch: 412 step: 1875, loss is 6.650268915109336e-06
epoch: 413 step: 1875, loss is 1.3068638509139419e-06
epoch: 414 step: 1875, loss is 1.6345438780263066e-08
epoch: 415 step: 1875, loss is 6.556729204021394e-08
epoch: 416 step: 1875, loss is 1.2493474059738219e-05
epoch: 417 step: 1875, loss is 1.993976184166968e-08
epoch: 418 step: 1875, loss is 2.417073119431734e-08
epoch: 419 step: 1875, loss is 1.1808600902440958e-05
epoch: 420 step: 1875, loss is 1.036775665852474e-05
epoch: 421 step: 1875, loss is 0.0001498725760029629
epoch: 422 step: 1875, loss is 2.8535396268125623e-08
epoch: 423 step: 1875, loss is 3.8198777474462986e-08
epoch: 424 step: 1875, loss is 2.5072949938476086e-08
epoch: 425 step: 1875, loss is 1.929721747728763e-06
epoch: 426 step: 1875, loss is 7.887482206569985e-05
epoch: 427 step: 1875, loss is 1.313588745688321e-05
epoch: 428 step: 1875, loss is 2.101478457916528e-08
epoch: 429 step: 1875, loss is 2.534261511755176e-08
epoch: 430 step: 1875, loss is 1.3786552699457388e-07
epoch: 431 step: 1875, loss is 1.0282721632393077e-05
epoch: 432 step: 1875, loss is 1.8357241060584784e-08
epoch: 433 step: 1875, loss is 2.6288034860044718e-08
epoch: 434 step: 1875, loss is 7.104044925654307e-06
epoch: 435 step: 1875, loss is 7.190337782958522e-07
epoch: 436 step: 1875, loss is 1.842606252466794e-05
epoch: 437 step: 1875, loss is 2.7594069251790643e-08
epoch: 438 step: 1875, loss is 2.245702489744872e-06
epoch: 439 step: 1875, loss is 3.508121153572574e-07
epoch: 440 step: 1875, loss is 2.5087501853704453e-08
epoch: 441 step: 1875, loss is 2.5886038201861084e-08
epoch: 442 step: 1875, loss is 2.601882442831993e-08
epoch: 443 step: 1875, loss is 4.713256930699572e-05
epoch: 444 step: 1875, loss is 2.2083171643316746e-05
epoch: 445 step: 1875, loss is 1.7810718418331817e-05
epoch: 446 step: 1875, loss is 5.851534297107719e-06
epoch: 447 step: 1875, loss is 2.1698724594898522e-08
epoch: 448 step: 1875, loss is 3.122113412246108e-08
epoch: 449 step: 1875, loss is 1.5208475815597922e-05
epoch: 450 step: 1875, loss is 6.884263711981475e-06
epoch: 451 step: 1875, loss is 2.226352626166772e-05
epoch: 452 step: 1875, loss is 3.035074769286439e-08
epoch: 453 step: 1875, loss is 2.2921562049305066e-05
epoch: 454 step: 1875, loss is 1.254209109902149e-07
epoch: 455 step: 1875, loss is 2.4233017029473558e-05
epoch: 456 step: 1875, loss is 2.5829649530351162e-08
epoch: 457 step: 1875, loss is 5.5356722441501915e-06
epoch: 458 step: 1875, loss is 1.283319761569146e-06
epoch: 459 step: 1875, loss is 5.959009286016226e-08
epoch: 460 step: 1875, loss is 6.30136055406183e-05
epoch: 461 step: 1875, loss is 5.968749974272214e-07
epoch: 462 step: 1875, loss is 0.00014160490536596626
epoch: 463 step: 1875, loss is 2.1567862859228626e-05
epoch: 464 step: 1875, loss is 3.149398253299296e-08
epoch: 465 step: 1875, loss is 1.935124419105705e-05
epoch: 466 step: 1875, loss is 3.144486981909722e-08
epoch: 467 step: 1875, loss is 2.9106959118507802e-06
epoch: 468 step: 1875, loss is 4.823931521968916e-05
epoch: 469 step: 1875, loss is 3.788526009884663e-05
epoch: 470 step: 1875, loss is 2.7996065909974277e-08
epoch: 471 step: 1875, loss is 1.5778823581058532e-08
epoch: 472 step: 1875, loss is 3.616878530010581e-08
epoch: 473 step: 1875, loss is 2.4996923457365483e-05
epoch: 474 step: 1875, loss is 1.694340789981652e-05
epoch: 475 step: 1875, loss is 1.9354047253727913e-08
epoch: 476 step: 1875, loss is 8.850020094541833e-05
epoch: 477 step: 1875, loss is 2.8904230930493213e-05
epoch: 478 step: 1875, loss is 8.260865433840081e-05
epoch: 479 step: 1875, loss is 4.421905396156944e-05
epoch: 480 step: 1875, loss is 3.231343725929037e-07
epoch: 481 step: 1875, loss is 1.3883112842449918e-05
epoch: 482 step: 1875, loss is 6.3347815739689395e-06
epoch: 483 step: 1875, loss is 2.172740460082423e-05
epoch: 484 step: 1875, loss is 2.4916516849771142e-08
epoch: 485 step: 1875, loss is 2.681645128177479e-08
epoch: 486 step: 1875, loss is 9.018078344524838e-06
epoch: 487 step: 1875, loss is 3.990235200035386e-06
epoch: 488 step: 1875, loss is 2.3330358089879155e-08
epoch: 489 step: 1875, loss is 2.2674057618132792e-06
epoch: 490 step: 1875, loss is 1.9786941265920177e-05
epoch: 491 step: 1875, loss is 1.943328243214637e-06
epoch: 492 step: 1875, loss is 1.0002315320889466e-05
epoch: 493 step: 1875, loss is 7.013295544311404e-08
epoch: 494 step: 1875, loss is 4.74490752822021e-06
epoch: 495 step: 1875, loss is 9.59189492277801e-08
epoch: 496 step: 1875, loss is 1.2930540833622217e-06
epoch: 497 step: 1875, loss is 7.591734174638987e-08
epoch: 498 step: 1875, loss is 3.0424416763707995e-08
epoch: 499 step: 1875, loss is 8.928224997362122e-05
epoch: 500 step: 1875, loss is 2.7008354663848877e-08
epoch: 501 step: 1875, loss is 2.0977404346922413e-06
epoch: 502 step: 1875, loss is 3.955876309191808e-06
epoch: 503 step: 1875, loss is 3.173481673002243e-07
epoch: 504 step: 1875, loss is 2.3239277652464807e-05
epoch: 505 step: 1875, loss is 2.616798155941069e-08
epoch: 506 step: 1875, loss is 1.0198486961598974e-06
epoch: 507 step: 1875, loss is 4.853609425481409e-08
epoch: 508 step: 1875, loss is 1.699250606179703e-05
epoch: 509 step: 1875, loss is 2.2118911147117615e-08
epoch: 510 step: 1875, loss is 2.934940675913822e-05
epoch: 511 step: 1875, loss is 2.94567144010216e-07
epoch: 512 step: 1875, loss is 1.1601196092669852e-05
epoch: 513 step: 1875, loss is 1.560381133458577e-05
epoch: 514 step: 1875, loss is 2.858783773262985e-05
epoch: 515 step: 1875, loss is 2.5007466319948435e-08
epoch: 516 step: 1875, loss is 2.0707053408841603e-05
epoch: 517 step: 1875, loss is 7.798338629072532e-06
epoch: 518 step: 1875, loss is 2.383148967055604e-08
epoch: 519 step: 1875, loss is 2.9521042961278e-06
epoch: 520 step: 1875, loss is 4.112185706617311e-06
epoch: 521 step: 1875, loss is 1.5885889297351241e-06
epoch: 522 step: 1875, loss is 1.549173248349689e-05
epoch: 523 step: 1875, loss is 2.5547706172801554e-08
epoch: 524 step: 1875, loss is 1.5256955521181226e-07
epoch: 525 step: 1875, loss is 5.35172875970602e-06
epoch: 526 step: 1875, loss is 2.4576882424298674e-05
epoch: 527 step: 1875, loss is 3.911637395503931e-05
epoch: 528 step: 1875, loss is 3.436001134105027e-05
epoch: 529 step: 1875, loss is 1.8775677744997665e-05
epoch: 530 step: 1875, loss is 3.652094164863229e-07
epoch: 531 step: 1875, loss is 1.545389386592433e-05
epoch: 532 step: 1875, loss is 7.887352694524452e-05
epoch: 533 step: 1875, loss is 1.7357917386107147e-05
epoch: 534 step: 1875, loss is 2.0166407921351492e-07
epoch: 535 step: 1875, loss is 1.2574197171488777e-05
epoch: 536 step: 1875, loss is 1.8793161871144548e-07
epoch: 537 step: 1875, loss is 7.442463356710505e-06
epoch: 538 step: 1875, loss is 7.923015800770372e-06
epoch: 539 step: 1875, loss is 1.7429556464776397e-08
epoch: 540 step: 1875, loss is 7.027083483990282e-07
epoch: 541 step: 1875, loss is 1.2995542419957928e-07
epoch: 542 step: 1875, loss is 1.1338888725731522e-06
epoch: 543 step: 1875, loss is 3.025434125447646e-08
epoch: 544 step: 1875, loss is 6.27453118795529e-07
epoch: 545 step: 1875, loss is 4.702178557636216e-08
epoch: 546 step: 1875, loss is 3.416243998799473e-08
epoch: 547 step: 1875, loss is 1.1901774996658787e-06
epoch: 548 step: 1875, loss is 2.500928530935198e-08
epoch: 549 step: 1875, loss is 1.4875186025165021e-05
epoch: 550 step: 1875, loss is 6.866510375402868e-06
epoch: 551 step: 1875, loss is 1.658912151469849e-05
epoch: 552 step: 1875, loss is 2.9573493520729244e-06
epoch: 553 step: 1875, loss is 5.7157769333571196e-05
epoch: 554 step: 1875, loss is 9.918585419654846e-08
epoch: 555 step: 1875, loss is 2.010326716117561e-05
epoch: 556 step: 1875, loss is 3.6942037695553154e-06
epoch: 557 step: 1875, loss is 4.113280738238245e-08
epoch: 558 step: 1875, loss is 2.1345613276935183e-08
epoch: 559 step: 1875, loss is 1.227750544785522e-05
epoch: 560 step: 1875, loss is 1.611880634300178e-06
epoch: 561 step: 1875, loss is 5.375068212742917e-08
epoch: 562 step: 1875, loss is 1.9597327991505153e-06
epoch: 563 step: 1875, loss is 3.5845769161824137e-06
epoch: 564 step: 1875, loss is 6.551119440700859e-06
epoch: 565 step: 1875, loss is 3.457098500803113e-07
epoch: 566 step: 1875, loss is 2.0002120436402038e-05
epoch: 567 step: 1875, loss is 6.489426596090198e-08
epoch: 568 step: 1875, loss is 4.985095074516721e-06
epoch: 569 step: 1875, loss is 5.0066773837897927e-08
epoch: 570 step: 1875, loss is 5.213369149714708e-07
epoch: 571 step: 1875, loss is 2.0069819584023207e-08
epoch: 572 step: 1875, loss is 1.757757672748994e-06
epoch: 573 step: 1875, loss is 1.543958205729723e-08
epoch: 574 step: 1875, loss is 2.0311745174694806e-08
epoch: 575 step: 1875, loss is 4.296161023376044e-06
epoch: 576 step: 1875, loss is 4.821049515157938e-08
epoch: 577 step: 1875, loss is 2.6576344680506736e-08
epoch: 578 step: 1875, loss is 4.203957360005006e-07
epoch: 579 step: 1875, loss is 1.7493221093900502e-08
epoch: 580 step: 1875, loss is 5.406382115324959e-06
epoch: 581 step: 1875, loss is 2.0193510863464326e-08
epoch: 582 step: 1875, loss is 2.0670995581895113e-08
epoch: 583 step: 1875, loss is 2.6302586775273085e-08
epoch: 584 step: 1875, loss is 4.869252734351903e-08
epoch: 585 step: 1875, loss is 1.9028448150493205e-08
epoch: 586 step: 1875, loss is 4.3574846131377853e-07
epoch: 587 step: 1875, loss is 9.85123733698856e-07
epoch: 588 step: 1875, loss is 2.941204365924932e-05
epoch: 589 step: 1875, loss is 7.587663276353851e-06
epoch: 590 step: 1875, loss is 5.463387424242683e-06
epoch: 591 step: 1875, loss is 3.1206818675855175e-06
epoch: 592 step: 1875, loss is 1.737498678267002e-08
epoch: 593 step: 1875, loss is 1.95329721464077e-05
epoch: 594 step: 1875, loss is 2.7201167540624738e-08
epoch: 595 step: 1875, loss is 6.560276233358309e-08
epoch: 596 step: 1875, loss is 4.390186404634733e-06
epoch: 597 step: 1875, loss is 1.6870217223186046e-08
epoch: 598 step: 1875, loss is 2.7971964300377294e-08
epoch: 599 step: 1875, loss is 6.686059350613505e-08
epoch: 600 step: 1875, loss is 5.4759970225859433e-05
epoch: 601 step: 1875, loss is 2.026514630415477e-05
epoch: 602 step: 1875, loss is 1.188345777336508e-08
epoch: 603 step: 1875, loss is 2.481131741660647e-05
epoch: 604 step: 1875, loss is 1.4091187040321529e-05
epoch: 605 step: 1875, loss is 2.3106622393243015e-08
epoch: 606 step: 1875, loss is 5.052457345300354e-05
epoch: 607 step: 1875, loss is 2.8055183065589517e-08
epoch: 608 step: 1875, loss is 1.8445643945597112e-07
epoch: 609 step: 1875, loss is 3.1504532671533525e-07
epoch: 610 step: 1875, loss is 2.9805960366502404e-08
epoch: 611 step: 1875, loss is 2.2781023290008307e-08
epoch: 612 step: 1875, loss is 2.3886968847364187e-08
epoch: 613 step: 1875, loss is 2.9350409022299573e-05
epoch: 614 step: 1875, loss is 1.1016931239282712e-05
epoch: 615 step: 1875, loss is 2.154640242224559e-06
epoch: 616 step: 1875, loss is 2.810406658682041e-05
epoch: 617 step: 1875, loss is 4.94718460686272e-06
epoch: 618 step: 1875, loss is 1.0453764843987301e-05
epoch: 619 step: 1875, loss is 5.027200131735299e-07
epoch: 620 step: 1875, loss is 4.299545253161341e-08
epoch: 621 step: 1875, loss is 4.931771400151774e-07
epoch: 622 step: 1875, loss is 1.5197918401099741e-05
epoch: 623 step: 1875, loss is 1.5528486983384937e-05
epoch: 624 step: 1875, loss is 1.7504135030321777e-08
epoch: 625 step: 1875, loss is 1.8438295228406787e-06
epoch: 626 step: 1875, loss is 2.343252845093957e-06
epoch: 627 step: 1875, loss is 7.646240192116238e-07
epoch: 628 step: 1875, loss is 8.171282388502732e-07
epoch: 629 step: 1875, loss is 2.7426722226664424e-08
epoch: 630 step: 1875, loss is 6.327809387585148e-08
epoch: 631 step: 1875, loss is 3.23525455314666e-08
epoch: 632 step: 1875, loss is 1.882835931610316e-08
epoch: 633 step: 1875, loss is 3.2396201277151704e-08
epoch: 634 step: 1875, loss is 8.364592758880462e-06
epoch: 635 step: 1875, loss is 1.1062962585128844e-05
epoch: 636 step: 1875, loss is 4.314460966270417e-08
epoch: 637 step: 1875, loss is 1.8599166651256382e-08
epoch: 638 step: 1875, loss is 6.94425543770194e-05
epoch: 639 step: 1875, loss is 1.2550553947221488e-05
epoch: 640 step: 1875, loss is 1.6107547708088532e-05
epoch: 641 step: 1875, loss is 2.0056177163496614e-08
epoch: 642 step: 1875, loss is 9.963816410163417e-06
epoch: 643 step: 1875, loss is 1.0425992513773963e-07
epoch: 644 step: 1875, loss is 3.4182448871433735e-08
epoch: 645 step: 1875, loss is 6.814661901444197e-08
epoch: 646 step: 1875, loss is 5.159337888471782e-06
epoch: 647 step: 1875, loss is 2.9580405680462718e-08
epoch: 648 step: 1875, loss is 3.1580912036588416e-06
epoch: 649 step: 1875, loss is 8.809001883491874e-08
epoch: 650 step: 1875, loss is 1.639705260458868e-05
epoch: 651 step: 1875, loss is 2.0361767383292317e-08
epoch: 652 step: 1875, loss is 2.4694600142538548e-08
epoch: 653 step: 1875, loss is 3.000695869559422e-08
epoch: 654 step: 1875, loss is 3.7843947211513296e-06
epoch: 655 step: 1875, loss is 2.8395113986334763e-05
epoch: 656 step: 1875, loss is 4.428311513038352e-07
epoch: 657 step: 1875, loss is 4.6216587179515045e-06
epoch: 658 step: 1875, loss is 3.9586666389368474e-07
epoch: 659 step: 1875, loss is 1.2845703167840838e-08
epoch: 660 step: 1875, loss is 3.180230123689398e-08
epoch: 661 step: 1875, loss is 2.1380401449277997e-08
epoch: 662 step: 1875, loss is 2.030355972237885e-08
epoch: 663 step: 1875, loss is 1.8655555322766304e-08
epoch: 664 step: 1875, loss is 1.7658749129623175e-08
epoch: 665 step: 1875, loss is 9.656283509684727e-06
epoch: 666 step: 1875, loss is 7.0392889028880745e-06
epoch: 667 step: 1875, loss is 2.2417978470912203e-05
epoch: 668 step: 1875, loss is 1.3204298738855869e-05
epoch: 669 step: 1875, loss is 2.2799213184043765e-08
epoch: 670 step: 1875, loss is 3.333373024361208e-05
epoch: 671 step: 1875, loss is 1.9233007151342463e-06
epoch: 672 step: 1875, loss is 9.159575711237267e-06
epoch: 673 step: 1875, loss is 2.7507303457241505e-06
epoch: 674 step: 1875, loss is 6.677875717286952e-06
epoch: 675 step: 1875, loss is 3.6682558857137337e-06
epoch: 676 step: 1875, loss is 2.4294467948493548e-06
epoch: 677 step: 1875, loss is 5.339165909390431e-06
epoch: 678 step: 1875, loss is 6.70925419399282e-06
epoch: 679 step: 1875, loss is 2.5391480448888615e-05
epoch: 680 step: 1875, loss is 6.5827189246192575e-06
epoch: 681 step: 1875, loss is 2.3414031602442265e-08
epoch: 682 step: 1875, loss is 1.824719220167026e-08
epoch: 683 step: 1875, loss is 2.405886334599927e-08
epoch: 684 step: 1875, loss is 2.1267624106258154e-08
epoch: 685 step: 1875, loss is 1.6189687812584452e-06
epoch: 686 step: 1875, loss is 1.1245905625401065e-05
epoch: 687 step: 1875, loss is 4.1428347685723566e-06
epoch: 688 step: 1875, loss is 8.369985152967274e-06
epoch: 689 step: 1875, loss is 6.738304364262149e-06
epoch: 690 step: 1875, loss is 1.644968506298028e-06
epoch: 691 step: 1875, loss is 1.7123966244980693e-08
epoch: 692 step: 1875, loss is 1.6860212781466544e-08
epoch: 693 step: 1875, loss is 1.4816323528066278e-06
epoch: 694 step: 1875, loss is 1.8620812625158578e-06
epoch: 695 step: 1875, loss is 1.9979779608547688e-08
epoch: 696 step: 1875, loss is 8.1039615906775e-07
epoch: 697 step: 1875, loss is 3.463255052338354e-05
epoch: 698 step: 1875, loss is 4.1494677134323865e-05
epoch: 699 step: 1875, loss is 1.9459148461464792e-05
epoch: 700 step: 1875, loss is 6.288064469117671e-08
epoch: 701 step: 1875, loss is 2.8482143534347415e-05
epoch: 702 step: 1875, loss is 1.932494342327118e-08
epoch: 703 step: 1875, loss is 1.6547346604056656e-08
epoch: 704 step: 1875, loss is 7.47253216104582e-05
epoch: 705 step: 1875, loss is 2.0274910639273003e-08
epoch: 706 step: 1875, loss is 5.916455847909674e-06
epoch: 707 step: 1875, loss is 1.7475940694566816e-08
epoch: 708 step: 1875, loss is 4.636855919670779e-06
epoch: 709 step: 1875, loss is 1.5591649571433663e-07
epoch: 710 step: 1875, loss is 2.82270775642246e-08
epoch: 711 step: 1875, loss is 3.399301931494847e-06
epoch: 712 step: 1875, loss is 1.4859917428111658e-05
epoch: 713 step: 1875, loss is 1.4483521226793528e-07
epoch: 714 step: 1875, loss is 3.890778316417709e-06
epoch: 715 step: 1875, loss is 3.029617801075801e-08
epoch: 716 step: 1875, loss is 3.07371374219656e-06
epoch: 717 step: 1875, loss is 1.172600605059415e-06
epoch: 718 step: 1875, loss is 8.41480323288124e-06
epoch: 719 step: 1875, loss is 3.1872983527136967e-05
epoch: 720 step: 1875, loss is 8.857556167640723e-06
epoch: 721 step: 1875, loss is 2.4162545742001384e-07
epoch: 722 step: 1875, loss is 2.1531377569772303e-08
epoch: 723 step: 1875, loss is 1.6664671420585364e-08
epoch: 724 step: 1875, loss is 5.664969648933038e-08
epoch: 725 step: 1875, loss is 5.216619683778845e-06
epoch: 726 step: 1875, loss is 4.572575562633574e-08
epoch: 727 step: 1875, loss is 7.855769945308566e-05
epoch: 728 step: 1875, loss is 4.795429049408995e-07
epoch: 729 step: 1875, loss is 2.309447154402733e-06
epoch: 730 step: 1875, loss is 4.5130263970349915e-06
epoch: 731 step: 1875, loss is 1.1421108865761198e-05
epoch: 732 step: 1875, loss is 1.3245298760011792e-06
epoch: 733 step: 1875, loss is 9.378842150908895e-06
epoch: 734 step: 1875, loss is 1.7053935152944177e-08
epoch: 735 step: 1875, loss is 7.4515846790745854e-06
epoch: 736 step: 1875, loss is 1.0019308319897391e-05
epoch: 737 step: 1875, loss is 4.813682608073577e-07
epoch: 738 step: 1875, loss is 3.7940480979159474e-08
epoch: 739 step: 1875, loss is 8.985807653516531e-08
epoch: 740 step: 1875, loss is 1.661101123318076e-08
epoch: 741 step: 1875, loss is 3.6844712667516433e-06
epoch: 742 step: 1875, loss is 3.0362571123987436e-08
epoch: 743 step: 1875, loss is 2.6735506253317e-08
epoch: 744 step: 1875, loss is 7.486492904718034e-06
epoch: 745 step: 1875, loss is 9.169885743176565e-06
epoch: 746 step: 1875, loss is 2.8641807148233056e-08
epoch: 747 step: 1875, loss is 2.6650559448171407e-06
epoch: 748 step: 1875, loss is 3.76240313926246e-06
epoch: 749 step: 1875, loss is 2.365777618251741e-08
epoch: 750 step: 1875, loss is 2.11596125154756e-06
epoch: 751 step: 1875, loss is 6.866230251034722e-08
epoch: 752 step: 1875, loss is 3.828608896583319e-08
epoch: 753 step: 1875, loss is 3.3652031561359763e-07
epoch: 754 step: 1875, loss is 5.187356873648241e-05
epoch: 755 step: 1875, loss is 9.764915375853889e-06
epoch: 756 step: 1875, loss is 1.1622250895015895e-07
epoch: 757 step: 1875, loss is 1.061358125298284e-05
epoch: 758 step: 1875, loss is 9.06220157048665e-06
epoch: 759 step: 1875, loss is 4.068577254656702e-05
epoch: 760 step: 1875, loss is 2.2339008864946663e-08
epoch: 761 step: 1875, loss is 7.742273737676442e-07
epoch: 762 step: 1875, loss is 1.7058919183909893e-06
epoch: 763 step: 1875, loss is 3.668174031190574e-08
epoch: 764 step: 1875, loss is 2.7062924345955253e-08
epoch: 765 step: 1875, loss is 2.9534428904298693e-05
epoch: 766 step: 1875, loss is 1.7259351807297207e-05
epoch: 767 step: 1875, loss is 2.0650077203754336e-07
epoch: 768 step: 1875, loss is 3.892364475177601e-08
epoch: 769 step: 1875, loss is 8.00207635620609e-06
epoch: 770 step: 1875, loss is 3.656532499007881e-08
epoch: 771 step: 1875, loss is 7.341841410379857e-07
epoch: 772 step: 1875, loss is 2.46999115915969e-06
epoch: 773 step: 1875, loss is 6.157824827823788e-08
epoch: 774 step: 1875, loss is 1.8082031601807103e-05
epoch: 775 step: 1875, loss is 7.608468877151608e-08
epoch: 776 step: 1875, loss is 3.2412572181783617e-08
epoch: 777 step: 1875, loss is 1.0437361197546124e-07
epoch: 778 step: 1875, loss is 3.6571655073203146e-06
epoch: 779 step: 1875, loss is 1.6370904631912708e-08
epoch: 780 step: 1875, loss is 2.4384007701883093e-08
epoch: 781 step: 1875, loss is 2.4589098757132888e-08
epoch: 782 step: 1875, loss is 2.048485475825146e-05
epoch: 783 step: 1875, loss is 2.518936526030302e-08
epoch: 784 step: 1875, loss is 3.226195985917002e-07
epoch: 785 step: 1875, loss is 2.043725544353947e-08
epoch: 786 step: 1875, loss is 3.5372067941352725e-08
epoch: 787 step: 1875, loss is 1.8428181647323072e-08
epoch: 788 step: 1875, loss is 2.552133082645014e-08
epoch: 789 step: 1875, loss is 2.34867911785841e-08
epoch: 790 step: 1875, loss is 3.98276824853383e-08
epoch: 791 step: 1875, loss is 3.55576048605144e-08
epoch: 792 step: 1875, loss is 6.285928975557908e-06
epoch: 793 step: 1875, loss is 7.921789801912382e-08
epoch: 794 step: 1875, loss is 2.1093514988024253e-06
epoch: 795 step: 1875, loss is 2.3299435270018876e-08
epoch: 796 step: 1875, loss is 4.419689503265545e-08
epoch: 797 step: 1875, loss is 7.706636097282171e-06
epoch: 798 step: 1875, loss is 3.5781613405561075e-06
epoch: 799 step: 1875, loss is 3.5881384974345565e-08
epoch: 800 step: 1875, loss is 5.074252840131521e-08
epoch: 801 step: 1875, loss is 2.5376830308232456e-06
epoch: 802 step: 1875, loss is 2.055800723610446e-05
epoch: 803 step: 1875, loss is 3.525929059833288e-08
epoch: 804 step: 1875, loss is 2.634037628013175e-06
epoch: 805 step: 1875, loss is 9.822084393817931e-06
epoch: 806 step: 1875, loss is 5.751343269366771e-05
epoch: 807 step: 1875, loss is 4.723733582068235e-08
epoch: 808 step: 1875, loss is 2.6687303034123033e-08
epoch: 809 step: 1875, loss is 2.5225745048373938e-08
epoch: 810 step: 1875, loss is 4.214737600705121e-06
epoch: 811 step: 1875, loss is 3.158129402436316e-08
epoch: 812 step: 1875, loss is 3.825153726211283e-06
epoch: 813 step: 1875, loss is 1.856096787378192e-08
epoch: 814 step: 1875, loss is 2.618617145344615e-08
epoch: 815 step: 1875, loss is 9.750046956469305e-06
epoch: 816 step: 1875, loss is 1.8470018403604627e-08
epoch: 817 step: 1875, loss is 2.5794433895498514e-06
epoch: 818 step: 1875, loss is 9.161541129287798e-06
epoch: 819 step: 1875, loss is 3.5207449400331825e-08
epoch: 820 step: 1875, loss is 9.548984962748364e-06
epoch: 821 step: 1875, loss is 5.527538087335415e-05
epoch: 822 step: 1875, loss is 2.4429664335912094e-06
epoch: 823 step: 1875, loss is 3.271179593866691e-08
epoch: 824 step: 1875, loss is 6.811733328504488e-07
epoch: 825 step: 1875, loss is 5.260480975266546e-06
epoch: 826 step: 1875, loss is 2.113097252731677e-08
epoch: 827 step: 1875, loss is 9.691516424936708e-06
epoch: 828 step: 1875, loss is 1.1387506674509495e-05
epoch: 829 step: 1875, loss is 1.980999695661012e-05
epoch: 830 step: 1875, loss is 9.645202226238325e-06
epoch: 831 step: 1875, loss is 2.7470377972349524e-08
epoch: 832 step: 1875, loss is 1.286516635445878e-06
epoch: 833 step: 1875, loss is 3.891437518177554e-05
epoch: 834 step: 1875, loss is 6.795708031859249e-07
epoch: 835 step: 1875, loss is 2.4142354959622025e-07
epoch: 836 step: 1875, loss is 9.351515473099425e-08
epoch: 837 step: 1875, loss is 6.797230525990017e-06
epoch: 838 step: 1875, loss is 2.4254082745756023e-05
epoch: 839 step: 1875, loss is 6.7980208768858574e-06
epoch: 840 step: 1875, loss is 4.2126430344069377e-07
epoch: 841 step: 1875, loss is 5.879064701730385e-06
epoch: 842 step: 1875, loss is 1.4182077393343206e-05
epoch: 843 step: 1875, loss is 1.994339982047677e-08
epoch: 844 step: 1875, loss is 3.3627957236603834e-06
epoch: 845 step: 1875, loss is 6.2130638980306685e-06
epoch: 846 step: 1875, loss is 1.1919255484826863e-06
epoch: 847 step: 1875, loss is 4.061357685714029e-07
epoch: 848 step: 1875, loss is 1.2525311831268482e-05
epoch: 849 step: 1875, loss is 1.0585063137114048e-07
epoch: 850 step: 1875, loss is 1.2579092071973719e-05
epoch: 851 step: 1875, loss is 1.812622940633446e-08
epoch: 852 step: 1875, loss is 3.355880835442804e-06
epoch: 853 step: 1875, loss is 2.4018845579121262e-08
epoch: 854 step: 1875, loss is 2.3801476345397532e-08
epoch: 855 step: 1875, loss is 7.252083378261887e-08
epoch: 856 step: 1875, loss is 1.3146345736458898e-06
epoch: 857 step: 1875, loss is 2.8783961170120165e-06
epoch: 858 step: 1875, loss is 7.748030839138664e-07
epoch: 859 step: 1875, loss is 8.614225407654885e-06
epoch: 860 step: 1875, loss is 2.6048837753478438e-08
epoch: 861 step: 1875, loss is 2.420301825623028e-07
epoch: 862 step: 1875, loss is 1.2382526620058343e-05
epoch: 863 step: 1875, loss is 2.9111834010109305e-06
epoch: 864 step: 1875, loss is 7.759690561215393e-06
epoch: 865 step: 1875, loss is 1.025808433041675e-05
epoch: 866 step: 1875, loss is 1.0272464351146482e-05
epoch: 867 step: 1875, loss is 2.2777931008022279e-07
epoch: 868 step: 1875, loss is 8.081515261437744e-06
epoch: 869 step: 1875, loss is 1.919584065035451e-06
epoch: 870 step: 1875, loss is 4.1956009226851165e-06
epoch: 871 step: 1875, loss is 4.330920273787342e-05
epoch: 872 step: 1875, loss is 1.5126715879887342e-08
epoch: 873 step: 1875, loss is 7.0879013946978375e-06
epoch: 874 step: 1875, loss is 2.242450136691332e-08
epoch: 875 step: 1875, loss is 6.122958438936621e-06
epoch: 876 step: 1875, loss is 1.1244341294514015e-05
epoch: 877 step: 1875, loss is 1.3480748748406768e-06
epoch: 878 step: 1875, loss is 8.442261787422467e-07
epoch: 879 step: 1875, loss is 1.0799616575241089e-05
epoch: 880 step: 1875, loss is 1.5516889106947929e-07
epoch: 881 step: 1875, loss is 1.6573421817156486e-06
epoch: 882 step: 1875, loss is 1.190364855574444e-07
epoch: 883 step: 1875, loss is 5.306781531544402e-06
epoch: 884 step: 1875, loss is 2.783599484246224e-08
epoch: 885 step: 1875, loss is 2.3194334062281996e-06
epoch: 886 step: 1875, loss is 3.2391471904702485e-06
epoch: 887 step: 1875, loss is 2.058177415165119e-06
epoch: 888 step: 1875, loss is 1.8460013961885124e-08
epoch: 889 step: 1875, loss is 2.0633688109228387e-06
epoch: 890 step: 1875, loss is 1.183920176117681e-06
epoch: 891 step: 1875, loss is 1.4442230167333037e-07
epoch: 892 step: 1875, loss is 9.695306289358996e-06
epoch: 893 step: 1875, loss is 1.8026184989139438e-08
epoch: 894 step: 1875, loss is 1.2268901627976447e-07
epoch: 895 step: 1875, loss is 6.782126547477674e-06
epoch: 896 step: 1875, loss is 1.390146280755289e-06
epoch: 897 step: 1875, loss is 2.1505980839719996e-05
epoch: 898 step: 1875, loss is 3.078548616031185e-08
epoch: 899 step: 1875, loss is 4.7845787776168436e-08
epoch: 900 step: 1875, loss is 2.095706804539077e-06
epoch: 901 step: 1875, loss is 3.587956598494202e-08
epoch: 902 step: 1875, loss is 1.1180054571013898e-06
epoch: 903 step: 1875, loss is 9.933501132763922e-09
epoch: 904 step: 1875, loss is 7.472133802366443e-06
epoch: 905 step: 1875, loss is 7.837843440938741e-07
epoch: 906 step: 1875, loss is 5.402107490226626e-07
epoch: 907 step: 1875, loss is 9.29657107917592e-06
epoch: 908 step: 1875, loss is 7.936614565551281e-08
epoch: 909 step: 1875, loss is 9.654831956140697e-08
epoch: 910 step: 1875, loss is 2.729192601691466e-06
epoch: 911 step: 1875, loss is 2.070444679702632e-05
epoch: 912 step: 1875, loss is 1.9465915102045983e-08
epoch: 913 step: 1875, loss is 4.0555089071858674e-05
epoch: 914 step: 1875, loss is 2.8729118639603257e-08
epoch: 915 step: 1875, loss is 9.345243597636e-06
epoch: 916 step: 1875, loss is 1.0472831490915269e-07
epoch: 917 step: 1875, loss is 2.6893443646258675e-05
epoch: 918 step: 1875, loss is 4.01367069571279e-05
epoch: 919 step: 1875, loss is 2.2688982426188886e-07
epoch: 920 step: 1875, loss is 6.9423840614035726e-06
epoch: 921 step: 1875, loss is 3.708540134539362e-06
epoch: 922 step: 1875, loss is 3.8681901060044765e-07
epoch: 923 step: 1875, loss is 1.8736311176326126e-05
epoch: 924 step: 1875, loss is 2.657179720699787e-08
epoch: 925 step: 1875, loss is 1.4130273484624922e-07
epoch: 926 step: 1875, loss is 4.418521712068468e-06
epoch: 927 step: 1875, loss is 3.946663127862848e-06
epoch: 928 step: 1875, loss is 2.539400156820193e-08
epoch: 929 step: 1875, loss is 6.846676114946604e-08
epoch: 930 step: 1875, loss is 2.0139850676059723e-08
epoch: 931 step: 1875, loss is 1.6852027329150587e-08
epoch: 932 step: 1875, loss is 1.019659248413518e-05
epoch: 933 step: 1875, loss is 2.1557752916123718e-08
epoch: 934 step: 1875, loss is 5.563285412790719e-06
epoch: 935 step: 1875, loss is 7.737253326922655e-08
epoch: 936 step: 1875, loss is 9.564564606989734e-06
epoch: 937 step: 1875, loss is 5.5578698265890125e-06
epoch: 938 step: 1875, loss is 5.567380867432803e-07
epoch: 939 step: 1875, loss is 4.534989784588106e-06
epoch: 940 step: 1875, loss is 8.987262845039368e-08
epoch: 941 step: 1875, loss is 1.9062099454458803e-08
epoch: 942 step: 1875, loss is 6.257199856918305e-06
epoch: 943 step: 1875, loss is 9.591349225956947e-08
epoch: 944 step: 1875, loss is 2.992237568832934e-08
epoch: 945 step: 1875, loss is 6.191585271153599e-07
epoch: 946 step: 1875, loss is 1.4249053492676467e-08
epoch: 947 step: 1875, loss is 5.066933226771653e-06
epoch: 948 step: 1875, loss is 2.230717655038461e-08
epoch: 949 step: 1875, loss is 2.572051016613841e-08
epoch: 950 step: 1875, loss is 2.1202140487730503e-08
epoch: 951 step: 1875, loss is 5.7532764913048595e-05
epoch: 952 step: 1875, loss is 4.7077810449991375e-06
epoch: 953 step: 1875, loss is 2.177286660298705e-06
epoch: 954 step: 1875, loss is 7.10178937879391e-08
epoch: 955 step: 1875, loss is 1.1613428796408698e-05
epoch: 956 step: 1875, loss is 2.478827809682116e-07
epoch: 957 step: 1875, loss is 5.8261164667783305e-05
epoch: 958 step: 1875, loss is 2.558244887040928e-07
epoch: 959 step: 1875, loss is 5.355577741283923e-06
epoch: 960 step: 1875, loss is 1.303615135839209e-07
epoch: 961 step: 1875, loss is 8.411734597757459e-08
epoch: 962 step: 1875, loss is 3.7649215300916694e-08
epoch: 963 step: 1875, loss is 5.131687430548482e-07
epoch: 964 step: 1875, loss is 9.371251508127898e-08
epoch: 965 step: 1875, loss is 2.2027961676940322e-08
epoch: 966 step: 1875, loss is 2.687283995328471e-08
epoch: 967 step: 1875, loss is 3.4691765904426575e-08
epoch: 968 step: 1875, loss is 1.5767523109389003e-06
epoch: 969 step: 1875, loss is 3.2188836485147476e-08
epoch: 970 step: 1875, loss is 2.591605152701959e-08
epoch: 971 step: 1875, loss is 2.2463154891738668e-08
epoch: 972 step: 1875, loss is 4.1000021155923605e-08
epoch: 973 step: 1875, loss is 9.964491255232133e-06
epoch: 974 step: 1875, loss is 2.4310747903655283e-05
epoch: 975 step: 1875, loss is 3.440436557866633e-08
epoch: 976 step: 1875, loss is 3.36728771799244e-06
epoch: 977 step: 1875, loss is 6.450983164540958e-06
epoch: 978 step: 1875, loss is 1.7497261069365777e-05
epoch: 979 step: 1875, loss is 1.9361323211342096e-08
epoch: 980 step: 1875, loss is 8.164228347595781e-06
epoch: 981 step: 1875, loss is 7.485286914743483e-07
epoch: 982 step: 1875, loss is 2.7666828827932477e-08
epoch: 983 step: 1875, loss is 3.1534727895632386e-07
epoch: 984 step: 1875, loss is 4.044398338010069e-06
epoch: 985 step: 1875, loss is 2.0594598026946187e-08
epoch: 986 step: 1875, loss is 1.7062120605260134e-08
epoch: 987 step: 1875, loss is 5.773213160864543e-06
epoch: 988 step: 1875, loss is 2.867454895749688e-08
epoch: 989 step: 1875, loss is 4.4403377614798956e-06
epoch: 990 step: 1875, loss is 3.2119714887812734e-08
epoch: 991 step: 1875, loss is 2.3690517991781235e-08
epoch: 992 step: 1875, loss is 4.832973900192883e-06
epoch: 993 step: 1875, loss is 1.570970198372379e-08
epoch: 994 step: 1875, loss is 2.5792734959395602e-05
epoch: 995 step: 1875, loss is 2.562474037404172e-07
epoch: 996 step: 1875, loss is 6.325983122223988e-06
epoch: 997 step: 1875, loss is 3.4924596548080444e-08
epoch: 998 step: 1875, loss is 2.7655914891511202e-08
epoch: 999 step: 1875, loss is 2.4152541300281882e-08
epoch: 1000 step: 1875, loss is 3.342502168379724e-07
Metrics: {'loss': 0.12102225444782751, 'acc': 0.9873798076923077}

time="2022-12-26T20:25:47+08:00" level=info msg="clean up child process succeed, pid=378, wstatus=0, exit_status=0" file="cleaner_unix.go:75" Command=bootstrap/run Component=ma-training-toolkit Platform=ModelArts-Service
time="2022-12-26T20:25:47+08:00" level=info msg="clean up child process succeed, pid=389, wstatus=0, exit_status=0" file="cleaner_unix.go:75" Command=bootstrap/run Component=ma-training-toolkit Platform=ModelArts-Service
time="2022-12-26T20:25:47+08:00" level=info msg="clean up child process succeed, pid=396, wstatus=0, exit_status=0" file="cleaner_unix.go:75" Command=bootstrap/run Component=ma-training-toolkit Platform=ModelArts-Service
[ModelArts Service Log]2022-12-26 20:25:48,609 - INFO - Begin destroy training processes
[ModelArts Service Log]2022-12-26 20:25:48,609 - INFO - proc-rank-0-device-0 (pid: 174) has exited before receiving the term signal
[ModelArts Service Log]2022-12-26 20:25:48,610 - INFO - End destroy training processes
time="2022-12-26T20:25:48+08:00" level=info msg="clean up child process succeed, pid=175, wstatus=0, exit_status=0" file="cleaner_unix.go:75" Command=bootstrap/run Component=ma-training-toolkit Platform=ModelArts-Service
time="2022-12-26T20:25:48+08:00" level=info msg="python command is exit with 0" file="controller.go:180" Args="[/home/ma-user/anaconda/bin/python /home/ma-user/modelarts/run/davincirun.py /home/ma-user/anaconda/bin/python /home/ma-user/modelarts/user-job-dir/lenet5/main.py]" Command=run-with-backoff Component=ma-training-toolkit Platform=ModelArts-Service TaskID=worker-0
time="2022-12-26T20:25:48+08:00" level=info msg="http Server goroutine is exit" file="server.go:59" Args="[/home/ma-user/anaconda/bin/python /home/ma-user/modelarts/run/davincirun.py /home/ma-user/anaconda/bin/python /home/ma-user/modelarts/user-job-dir/lenet5/main.py]" Command=run-with-backoff Component=ma-training-toolkit Platform=ModelArts-Service TaskID=worker-0
time="2022-12-26T20:25:48+08:00" level=info msg="run-with-backoff exit with 0" file="controller.go:158" Args="[/home/ma-user/anaconda/bin/python /home/ma-user/modelarts/run/davincirun.py /home/ma-user/anaconda/bin/python /home/ma-user/modelarts/user-job-dir/lenet5/main.py]" Command=run-with-backoff Component=ma-training-toolkit Platform=ModelArts-Service TaskID=worker-0
time="2022-12-26T20:25:48+08:00" level=info msg="the run_train script is exiting..." Component=ShellScripts Platform=ModelArts-Service
time="2022-12-26T20:25:48+08:00" level=info msg="the run_train script is exited with 0" Component=ShellScripts Platform=ModelArts-Service
time="2022-12-26T20:25:48+08:00" level=warning msg="waiting for cmd process, but got ECHILD error" file="run_train.go:367" Command=bootstrap/run Component=ma-training-toolkit Platform=ModelArts-Service
time="2022-12-26T20:25:48+08:00" level=info msg="the post-training script(ma-post-end.sh) is not found in the directory where the bootfile is located, skipping execution" file="run_train.go:554" Command=bootstrap/run Component=ma-training-toolkit Platform=ModelArts-Service
time="2022-12-26T20:25:48+08:00" level=info msg="report event TrainingExit success" file="event.go:54" Command=bootstrap/run Component=ma-training-toolkit Platform=ModelArts-Service
time="2022-12-26T20:25:48+08:00" level=info msg="bootstrap is exiting with exit code 0" file="bootstrap.go:241" Command=bootstrap/run Component=ma-training-toolkit Platform=ModelArts-Service
time="2022-12-26T20:25:48+08:00" level=info msg="retCode 0 has been written to the retCode file /home/ma-user/modelarts/retCode" file="bootstrap.go:221" Command=bootstrap/run Component=ma-training-toolkit Platform=ModelArts-Service
time="2022-12-26T20:25:49+08:00" level=info msg="[sidecar] training is completed" Component=ShellScripts Platform=ModelArts-Service
time="2022-12-26T20:25:49+08:00" level=info msg="[sidecar] stop toolkit_obs_upload_by_channels_pid = 52 by signal SIGTERM" Component=ShellScripts Platform=ModelArts-Service
time="2022-12-26T20:25:49+08:00" level=info msg="the periodic upload task exiting..." file="upload.go:216" Command=obs/upload_by_channels Component=ma-training-toolkit Platform=ModelArts-Service Task=srt_log_collection
time="2022-12-26T20:25:49+08:00" level=info msg="the periodic upload task exiting..." file="upload.go:216" Command=obs/upload_by_channels Component=ma-training-toolkit Platform=ModelArts-Service Task=log_url
time="2022-12-26T20:25:49+08:00" level=info msg="the periodic upload task exiting..." file="upload.go:216" Command=obs/upload_by_channels Component=ma-training-toolkit Platform=ModelArts-Service Task=train_url
